GO:0002218	activation of innate immune response
GO:0006956	complement activation
GO:0050851	antigen receptor-mediated signaling pathway
GO:0002431	Fc receptor mediated stimulatory signaling pathway
GO:0002220	innate immune response activating cell surface receptor signaling pathway
GO:0002430	complement receptor mediated signaling pathway
GO:0002758	innate immune response-activating signal transduction
GO:0001776	leukocyte homeostasis
GO:0002262	myeloid cell homeostasis
GO:0071838	cell proliferation in bone marrow
GO:0035726	common myeloid progenitor cell proliferation
GO:0070661	leukocyte proliferation
GO:0045058	T cell selection
GO:0002404	antigen sampling in mucosal-associated lymphoid tissue
GO:0031294	lymphocyte costimulation
GO:0045321	leukocyte activation
GO:0002339	B cell selection
GO:0090713	immunological memory process
GO:0006955	immune response
GO:0042386	hemocyte differentiation
GO:0002440	production of molecular mediator of immune response
GO:0019882	antigen processing and presentation
GO:0002507	tolerance induction
GO:0002252	immune effector process
GO:0050900	leukocyte migration
GO:0002520	immune system development
GO:0002200	somatic diversification of immune receptors
GO:0030222	eosinophil differentiation
GO:0007516	hemocyte development
GO:0061515	myeloid cell development
GO:0002268	follicular dendritic cell differentiation
GO:0002318	myeloid progenitor cell differentiation
GO:0002320	lymphoid progenitor cell differentiation
GO:0060218	hematopoietic stem cell differentiation
GO:0030098	lymphocyte differentiation
GO:1903131	mononuclear cell differentiation
GO:0097028	dendritic cell differentiation
GO:0002573	myeloid leukocyte differentiation
GO:0030219	megakaryocyte differentiation
GO:0030218	erythrocyte differentiation
GO:0002574	thrombocyte differentiation
GO:0030220	platelet formation
GO:0033554	cellular response to stress
GO:0006952	defense response
GO:0008219	cell death
GO:0016192	vesicle-mediated transport
GO:0006399	tRNA metabolic process
GO:0034641	cellular nitrogen compound metabolic process
GO:0009058	biosynthetic process
GO:0071554	cell wall organization or biogenesis
GO:0034330	cell junction organization
GO:0005975	carbohydrate metabolic process
GO:0006091	generation of precursor metabolites and energy
GO:0006629	lipid metabolic process
GO:0006913	nucleocytoplasmic transport
GO:0006259	DNA metabolic process
GO:0007049	cell cycle
GO:0019748	secondary metabolic process
GO:0006605	protein targeting
GO:0006810	transport
GO:0042254	ribosome biogenesis
GO:0006412	translation
GO:0007165	signal transduction
GO:0007267	cell-cell signaling
GO:0006790	sulfur compound metabolic process
GO:0034655	nucleobase-containing compound catabolic process
GO:0007005	mitochondrion organization
GO:0006457	protein folding
GO:0055085	transmembrane transport
GO:0022618	ribonucleoprotein complex assembly
GO:0048870	cell motility
GO:0000278	mitotic cell cycle
GO:0007059	chromosome segregation
GO:0009056	catabolic process
GO:0007155	cell adhesion
GO:0030705	cytoskeleton-dependent intracellular transport
GO:0044281	small molecule metabolic process
GO:0007034	vacuolar transport
GO:0007009	plasma membrane organization
GO:0061024	membrane organization
GO:0051276	chromosome organization
GO:0051186	cofactor metabolic process
GO:0007010	cytoskeleton organization
GO:0051604	protein maturation
GO:0006520	cellular amino acid metabolic process
GO:0007568	aging
#alt_id now GO:0006461	protein complex assembly
GO:0065003	protein-containing complex assembly
GO:0030198	extracellular matrix organization
GO:0065003	macromolecular complex assembly
GO:0006397	mRNA processing
GO:0051301	cell division
GO:0006464	cellular protein modification process
GO:0006914	autophagy
GO:0016458	gene silencing
# regulation
GO:0033025	regulation of mast cell apoptotic process
GO:0033029	regulation of neutrophil apoptotic process
GO:0002694	regulation of leukocyte activation
GO:0035206	regulation of hemocyte proliferation
GO:0002684	positive regulation of immune system process
GO:0045610	regulation of hemocyte differentiation
GO:0034106	regulation of erythrocyte clearance
GO:0002697	regulation of immune effector process
GO:0002685	regulation of leukocyte migration
GO:0002683	negative regulation of immune system process
GO:0050776	regulation of immune response
GO:1903706	regulation of hemopoiesis
GO:0002905	regulation of mature B cell apoptotic process
GO:0002643	regulation of tolerance induction
GO:0070239	regulation of activated T cell autonomous cell death
GO:0070235	regulation of activation-induced cell death of T cells
GO:0002577	regulation of antigen processing and presentation
GO:0043067	regulation of programmed cell death
